0 info it worked if it ends with ok
1 verbose cli [ '/usr/bin/node',
1 verbose cli   '/usr/bin/npm',
1 verbose cli   'install',
1 verbose cli   'gulp-autoprefixer',
1 verbose cli   '--save-dev' ]
2 info using npm@3.5.2
3 info using node@v8.10.0
4 silly loadCurrentTree Starting
5 silly install loadCurrentTree
6 silly install readLocalPackageData
7 silly fetchPackageMetaData gulp-autoprefixer
8 silly fetchNamedPackageData gulp-autoprefixer
9 silly mapToRegistry name gulp-autoprefixer
10 silly mapToRegistry using default registry
11 silly mapToRegistry registry https://registry.npmjs.org/
12 silly mapToRegistry uri https://registry.npmjs.org/gulp-autoprefixer
13 verbose request uri https://registry.npmjs.org/gulp-autoprefixer
14 verbose request no auth needed
15 info attempt registry request try #1 at 16:31:57
16 verbose request id da9869e3c44eec2c
17 verbose etag W/"5f54ea332e7f354f016278bd0bece94a"
18 verbose lastModified Fri, 04 Oct 2019 07:52:07 GMT
19 http request GET https://registry.npmjs.org/gulp-autoprefixer
20 http 304 https://registry.npmjs.org/gulp-autoprefixer
21 verbose headers { date: 'Tue, 23 Mar 2021 13:31:58 GMT',
21 verbose headers   connection: 'keep-alive',
21 verbose headers   'set-cookie':
21 verbose headers    [ '__cfduid=dfec638396539b26735397ad043eb9ceb1616506318; expires=Thu, 22-Apr-21 13:31:58 GMT; path=/; domain=.npmjs.org; HttpOnly; SameSite=Lax' ],
21 verbose headers   'cf-ray': '634805e7bd847b1b-DME',
21 verbose headers   age: '3115',
21 verbose headers   'cache-control': 'public, max-age=300',
21 verbose headers   etag: '"5f54ea332e7f354f016278bd0bece94a"',
21 verbose headers   'last-modified': 'Fri, 04 Oct 2019 07:52:07 GMT',
21 verbose headers   vary: 'Accept-Encoding',
21 verbose headers   'cf-cache-status': 'HIT',
21 verbose headers   'cf-request-id': '0900e204d400007b1bf38bd000000001',
21 verbose headers   'expect-ct': 'max-age=604800, report-uri="https://report-uri.cloudflare.com/cdn-cgi/beacon/expect-ct"',
21 verbose headers   server: 'cloudflare' }
22 silly get cb [ 304,
22 silly get   { date: 'Tue, 23 Mar 2021 13:31:58 GMT',
22 silly get     connection: 'keep-alive',
22 silly get     'set-cookie':
22 silly get      [ '__cfduid=dfec638396539b26735397ad043eb9ceb1616506318; expires=Thu, 22-Apr-21 13:31:58 GMT; path=/; domain=.npmjs.org; HttpOnly; SameSite=Lax' ],
22 silly get     'cf-ray': '634805e7bd847b1b-DME',
22 silly get     age: '3115',
22 silly get     'cache-control': 'public, max-age=300',
22 silly get     etag: '"5f54ea332e7f354f016278bd0bece94a"',
22 silly get     'last-modified': 'Fri, 04 Oct 2019 07:52:07 GMT',
22 silly get     vary: 'Accept-Encoding',
22 silly get     'cf-cache-status': 'HIT',
22 silly get     'cf-request-id': '0900e204d400007b1bf38bd000000001',
22 silly get     'expect-ct': 'max-age=604800, report-uri="https://report-uri.cloudflare.com/cdn-cgi/beacon/expect-ct"',
22 silly get     server: 'cloudflare' } ]
23 verbose etag https://registry.npmjs.org/gulp-autoprefixer from cache
24 verbose get saving gulp-autoprefixer to /home/doroshukdv/.npm/registry.npmjs.org/gulp-autoprefixer/.cache.json
25 silly install normalizeTree
26 silly loadCurrentTree Finishing
27 silly loadIdealTree Starting
28 silly install loadIdealTree
29 silly cloneCurrentTree Starting
30 silly install cloneCurrentTreeToIdealTree
31 silly cloneCurrentTree Finishing
32 silly loadShrinkwrap Starting
33 silly install loadShrinkwrap
34 silly loadShrinkwrap Finishing
35 silly loadAllDepsIntoIdealTree Starting
36 silly install loadAllDepsIntoIdealTree
37 silly resolveWithNewModule gulp-autoprefixer@7.0.1 checking installable status
38 silly cache add args [ 'gulp-autoprefixer', null ]
39 verbose cache add spec gulp-autoprefixer
40 silly cache add parsed spec Result {
40 silly cache add   raw: 'gulp-autoprefixer',
40 silly cache add   scope: null,
40 silly cache add   name: 'gulp-autoprefixer',
40 silly cache add   rawSpec: '',
40 silly cache add   spec: 'latest',
40 silly cache add   type: 'tag' }
41 silly addNamed gulp-autoprefixer@latest
42 verbose addNamed "latest" is being treated as a dist-tag for gulp-autoprefixer
43 info addNameTag [ 'gulp-autoprefixer', 'latest' ]
44 silly mapToRegistry name gulp-autoprefixer
45 silly mapToRegistry using default registry
46 silly mapToRegistry registry https://registry.npmjs.org/
47 silly mapToRegistry uri https://registry.npmjs.org/gulp-autoprefixer
48 verbose addNameTag registry:https://registry.npmjs.org/gulp-autoprefixer not in flight; fetching
49 verbose get https://registry.npmjs.org/gulp-autoprefixer not expired, no request
50 silly addNameTag next cb for gulp-autoprefixer with tag latest
51 silly addNamed gulp-autoprefixer@7.0.1
52 verbose addNamed "7.0.1" is a plain semver version for gulp-autoprefixer
53 silly cache afterAdd gulp-autoprefixer@7.0.1
54 verbose afterAdd /home/doroshukdv/.npm/gulp-autoprefixer/7.0.1/package/package.json not in flight; writing
55 verbose afterAdd /home/doroshukdv/.npm/gulp-autoprefixer/7.0.1/package/package.json written
56 silly fetchNamedPackageData autoprefixer
57 silly mapToRegistry name autoprefixer
58 silly mapToRegistry using default registry
59 silly mapToRegistry registry https://registry.npmjs.org/
60 silly mapToRegistry uri https://registry.npmjs.org/autoprefixer
61 silly fetchNamedPackageData postcss
62 silly mapToRegistry name postcss
63 silly mapToRegistry using default registry
64 silly mapToRegistry registry https://registry.npmjs.org/
65 silly mapToRegistry uri https://registry.npmjs.org/postcss
66 silly fetchNamedPackageData through2
67 silly mapToRegistry name through2
68 silly mapToRegistry using default registry
69 silly mapToRegistry registry https://registry.npmjs.org/
70 silly mapToRegistry uri https://registry.npmjs.org/through2
71 verbose request uri https://registry.npmjs.org/through2
72 verbose request no auth needed
73 info attempt registry request try #1 at 16:31:58
74 verbose etag W/"133f61756fcd0fc01f74417bdb202b59"
75 verbose lastModified Tue, 30 Jun 2020 01:24:59 GMT
76 http request GET https://registry.npmjs.org/through2
77 verbose request uri https://registry.npmjs.org/autoprefixer
78 verbose request no auth needed
79 info attempt registry request try #1 at 16:31:58
80 verbose etag W/"9f33b8556c605283866cbf7530c86ebb"
81 verbose lastModified Fri, 05 Mar 2021 14:43:04 GMT
82 http request GET https://registry.npmjs.org/autoprefixer
83 verbose request uri https://registry.npmjs.org/postcss
84 verbose request no auth needed
85 info attempt registry request try #1 at 16:31:58
86 verbose etag W/"68c4fae64bdb520c6f855ae5d71a4a98"
87 verbose lastModified Tue, 09 Mar 2021 22:04:53 GMT
88 http request GET https://registry.npmjs.org/postcss
89 http 304 https://registry.npmjs.org/through2
90 verbose headers { date: 'Tue, 23 Mar 2021 13:31:58 GMT',
90 verbose headers   connection: 'keep-alive',
90 verbose headers   'set-cookie':
90 verbose headers    [ '__cfduid=dfec638396539b26735397ad043eb9ceb1616506318; expires=Thu, 22-Apr-21 13:31:58 GMT; path=/; domain=.npmjs.org; HttpOnly; SameSite=Lax' ],
90 verbose headers   'cf-ray': '634805e9b9907b1b-DME',
90 verbose headers   age: '5710',
90 verbose headers   'cache-control': 'public, max-age=300',
90 verbose headers   etag: '"133f61756fcd0fc01f74417bdb202b59"',
90 verbose headers   'last-modified': 'Tue, 30 Jun 2020 01:24:59 GMT',
90 verbose headers   vary: 'Accept-Encoding',
90 verbose headers   'cf-cache-status': 'HIT',
90 verbose headers   'cf-request-id': '0900e2061100007b1b5da3e000000001',
90 verbose headers   'expect-ct': 'max-age=604800, report-uri="https://report-uri.cloudflare.com/cdn-cgi/beacon/expect-ct"',
90 verbose headers   server: 'cloudflare' }
91 silly get cb [ 304,
91 silly get   { date: 'Tue, 23 Mar 2021 13:31:58 GMT',
91 silly get     connection: 'keep-alive',
91 silly get     'set-cookie':
91 silly get      [ '__cfduid=dfec638396539b26735397ad043eb9ceb1616506318; expires=Thu, 22-Apr-21 13:31:58 GMT; path=/; domain=.npmjs.org; HttpOnly; SameSite=Lax' ],
91 silly get     'cf-ray': '634805e9b9907b1b-DME',
91 silly get     age: '5710',
91 silly get     'cache-control': 'public, max-age=300',
91 silly get     etag: '"133f61756fcd0fc01f74417bdb202b59"',
91 silly get     'last-modified': 'Tue, 30 Jun 2020 01:24:59 GMT',
91 silly get     vary: 'Accept-Encoding',
91 silly get     'cf-cache-status': 'HIT',
91 silly get     'cf-request-id': '0900e2061100007b1b5da3e000000001',
91 silly get     'expect-ct': 'max-age=604800, report-uri="https://report-uri.cloudflare.com/cdn-cgi/beacon/expect-ct"',
91 silly get     server: 'cloudflare' } ]
92 verbose etag https://registry.npmjs.org/through2 from cache
93 verbose get saving through2 to /home/doroshukdv/.npm/registry.npmjs.org/through2/.cache.json
94 silly resolveWithNewModule through2@3.0.2 checking installable status
95 silly cache add args [ 'through2@^3.0.1', null ]
96 verbose cache add spec through2@^3.0.1
97 silly cache add parsed spec Result {
97 silly cache add   raw: 'through2@^3.0.1',
97 silly cache add   scope: null,
97 silly cache add   name: 'through2',
97 silly cache add   rawSpec: '^3.0.1',
97 silly cache add   spec: '>=3.0.1 <4.0.0',
97 silly cache add   type: 'range' }
98 silly addNamed through2@>=3.0.1 <4.0.0
99 verbose addNamed ">=3.0.1 <4.0.0" is a valid semver range for through2
100 silly addNameRange { name: 'through2', range: '>=3.0.1 <4.0.0', hasData: false }
101 silly mapToRegistry name through2
102 silly mapToRegistry using default registry
103 silly mapToRegistry registry https://registry.npmjs.org/
104 silly mapToRegistry uri https://registry.npmjs.org/through2
105 verbose addNameRange registry:https://registry.npmjs.org/through2 not in flight; fetching
106 verbose get https://registry.npmjs.org/through2 not expired, no request
107 silly addNameRange number 2 { name: 'through2', range: '>=3.0.1 <4.0.0', hasData: true }
108 silly addNameRange versions [ 'through2',
108 silly addNameRange   [ '0.0.0',
108 silly addNameRange     '0.0.1',
108 silly addNameRange     '0.0.2',
108 silly addNameRange     '0.0.3',
108 silly addNameRange     '0.0.4',
108 silly addNameRange     '0.0.5',
108 silly addNameRange     '0.1.0',
108 silly addNameRange     '0.2.0',
108 silly addNameRange     '0.2.1',
108 silly addNameRange     '0.2.2',
108 silly addNameRange     '0.2.3',
108 silly addNameRange     '0.3.0',
108 silly addNameRange     '0.4.0',
108 silly addNameRange     '0.4.1',
108 silly addNameRange     '1.0.0',
108 silly addNameRange     '0.4.2',
108 silly addNameRange     '0.5.0',
108 silly addNameRange     '0.5.1',
108 silly addNameRange     '0.6.0',
108 silly addNameRange     '1.1.0',
108 silly addNameRange     '0.6.1',
108 silly addNameRange     '1.1.1',
108 silly addNameRange     '0.6.2',
108 silly addNameRange     '0.6.3',
108 silly addNameRange     '0.6.4',
108 silly addNameRange     '0.6.5',
108 silly addNameRange     '2.0.0',
108 silly addNameRange     '2.0.1',
108 silly addNameRange     '2.0.2',
108 silly addNameRange     '2.0.3',
108 silly addNameRange     '2.0.4',
108 silly addNameRange     '2.0.5',
108 silly addNameRange     '3.0.0',
108 silly addNameRange     '3.0.1',
108 silly addNameRange     '3.0.2',
108 silly addNameRange     '4.0.0',
108 silly addNameRange     '4.0.1',
108 silly addNameRange     '4.0.2' ] ]
109 silly addNamed through2@3.0.2
110 verbose addNamed "3.0.2" is a plain semver version for through2
111 silly cache afterAdd through2@3.0.2
112 verbose afterAdd /home/doroshukdv/.npm/through2/3.0.2/package/package.json not in flight; writing
113 verbose afterAdd /home/doroshukdv/.npm/through2/3.0.2/package/package.json written
114 http 304 https://registry.npmjs.org/autoprefixer
115 verbose headers { date: 'Tue, 23 Mar 2021 13:31:58 GMT',
115 verbose headers   connection: 'keep-alive',
115 verbose headers   'set-cookie':
115 verbose headers    [ '__cfduid=d7148a31932203b15d1a19c7446813e951616506318; expires=Thu, 22-Apr-21 13:31:58 GMT; path=/; domain=.npmjs.org; HttpOnly; SameSite=Lax' ],
115 verbose headers   'cf-ray': '634805ea7ce184a4-LED',
115 verbose headers   age: '5515',
115 verbose headers   'cache-control': 'public, max-age=300',
115 verbose headers   etag: '"9f33b8556c605283866cbf7530c86ebb"',
115 verbose headers   'last-modified': 'Fri, 05 Mar 2021 14:43:04 GMT',
115 verbose headers   vary: 'Accept-Encoding',
115 verbose headers   'cf-cache-status': 'HIT',
115 verbose headers   'cf-request-id': '0900e2068e000084a40eb54000000001',
115 verbose headers   'expect-ct': 'max-age=604800, report-uri="https://report-uri.cloudflare.com/cdn-cgi/beacon/expect-ct"',
115 verbose headers   server: 'cloudflare' }
116 silly get cb [ 304,
116 silly get   { date: 'Tue, 23 Mar 2021 13:31:58 GMT',
116 silly get     connection: 'keep-alive',
116 silly get     'set-cookie':
116 silly get      [ '__cfduid=d7148a31932203b15d1a19c7446813e951616506318; expires=Thu, 22-Apr-21 13:31:58 GMT; path=/; domain=.npmjs.org; HttpOnly; SameSite=Lax' ],
116 silly get     'cf-ray': '634805ea7ce184a4-LED',
116 silly get     age: '5515',
116 silly get     'cache-control': 'public, max-age=300',
116 silly get     etag: '"9f33b8556c605283866cbf7530c86ebb"',
116 silly get     'last-modified': 'Fri, 05 Mar 2021 14:43:04 GMT',
116 silly get     vary: 'Accept-Encoding',
116 silly get     'cf-cache-status': 'HIT',
116 silly get     'cf-request-id': '0900e2068e000084a40eb54000000001',
116 silly get     'expect-ct': 'max-age=604800, report-uri="https://report-uri.cloudflare.com/cdn-cgi/beacon/expect-ct"',
116 silly get     server: 'cloudflare' } ]
117 verbose etag https://registry.npmjs.org/autoprefixer from cache
118 verbose get saving autoprefixer to /home/doroshukdv/.npm/registry.npmjs.org/autoprefixer/.cache.json
119 http 304 https://registry.npmjs.org/postcss
120 verbose headers { date: 'Tue, 23 Mar 2021 13:31:58 GMT',
120 verbose headers   connection: 'keep-alive',
120 verbose headers   'set-cookie':
120 verbose headers    [ '__cfduid=df092fc9890f3b885b2cb324c2a2c2fa41616506318; expires=Thu, 22-Apr-21 13:31:58 GMT; path=/; domain=.npmjs.org; HttpOnly; SameSite=Lax' ],
120 verbose headers   'cf-ray': '634805ea8c954d90-DME',
120 verbose headers   age: '686',
120 verbose headers   'cache-control': 'public, max-age=300',
120 verbose headers   etag: '"68c4fae64bdb520c6f855ae5d71a4a98"',
120 verbose headers   'last-modified': 'Tue, 09 Mar 2021 22:04:53 GMT',
120 verbose headers   vary: 'Accept-Encoding',
120 verbose headers   'cf-cache-status': 'HIT',
120 verbose headers   'cf-request-id': '0900e2069200004d906901e000000001',
120 verbose headers   'expect-ct': 'max-age=604800, report-uri="https://report-uri.cloudflare.com/cdn-cgi/beacon/expect-ct"',
120 verbose headers   server: 'cloudflare' }
121 silly get cb [ 304,
121 silly get   { date: 'Tue, 23 Mar 2021 13:31:58 GMT',
121 silly get     connection: 'keep-alive',
121 silly get     'set-cookie':
121 silly get      [ '__cfduid=df092fc9890f3b885b2cb324c2a2c2fa41616506318; expires=Thu, 22-Apr-21 13:31:58 GMT; path=/; domain=.npmjs.org; HttpOnly; SameSite=Lax' ],
121 silly get     'cf-ray': '634805ea8c954d90-DME',
121 silly get     age: '686',
121 silly get     'cache-control': 'public, max-age=300',
121 silly get     etag: '"68c4fae64bdb520c6f855ae5d71a4a98"',
121 silly get     'last-modified': 'Tue, 09 Mar 2021 22:04:53 GMT',
121 silly get     vary: 'Accept-Encoding',
121 silly get     'cf-cache-status': 'HIT',
121 silly get     'cf-request-id': '0900e2069200004d906901e000000001',
121 silly get     'expect-ct': 'max-age=604800, report-uri="https://report-uri.cloudflare.com/cdn-cgi/beacon/expect-ct"',
121 silly get     server: 'cloudflare' } ]
122 verbose etag https://registry.npmjs.org/postcss from cache
123 verbose get saving postcss to /home/doroshukdv/.npm/registry.npmjs.org/postcss/.cache.json
124 silly resolveWithNewModule autoprefixer@9.8.6 checking installable status
125 silly cache add args [ 'autoprefixer@^9.6.1', null ]
126 verbose cache add spec autoprefixer@^9.6.1
127 silly cache add parsed spec Result {
127 silly cache add   raw: 'autoprefixer@^9.6.1',
127 silly cache add   scope: null,
127 silly cache add   name: 'autoprefixer',
127 silly cache add   rawSpec: '^9.6.1',
127 silly cache add   spec: '>=9.6.1 <10.0.0',
127 silly cache add   type: 'range' }
128 silly addNamed autoprefixer@>=9.6.1 <10.0.0
129 verbose addNamed ">=9.6.1 <10.0.0" is a valid semver range for autoprefixer
130 silly addNameRange { name: 'autoprefixer',
130 silly addNameRange   range: '>=9.6.1 <10.0.0',
130 silly addNameRange   hasData: false }
131 silly mapToRegistry name autoprefixer
132 silly mapToRegistry using default registry
133 silly mapToRegistry registry https://registry.npmjs.org/
134 silly mapToRegistry uri https://registry.npmjs.org/autoprefixer
135 verbose addNameRange registry:https://registry.npmjs.org/autoprefixer not in flight; fetching
136 silly resolveWithNewModule postcss@7.0.35 checking installable status
137 silly cache add args [ 'postcss@^7.0.17', null ]
138 verbose cache add spec postcss@^7.0.17
139 silly cache add parsed spec Result {
139 silly cache add   raw: 'postcss@^7.0.17',
139 silly cache add   scope: null,
139 silly cache add   name: 'postcss',
139 silly cache add   rawSpec: '^7.0.17',
139 silly cache add   spec: '>=7.0.17 <8.0.0',
139 silly cache add   type: 'range' }
140 silly addNamed postcss@>=7.0.17 <8.0.0
141 verbose addNamed ">=7.0.17 <8.0.0" is a valid semver range for postcss
142 silly addNameRange { name: 'postcss', range: '>=7.0.17 <8.0.0', hasData: false }
143 silly mapToRegistry name postcss
144 silly mapToRegistry using default registry
145 silly mapToRegistry registry https://registry.npmjs.org/
146 silly mapToRegistry uri https://registry.npmjs.org/postcss
147 verbose addNameRange registry:https://registry.npmjs.org/postcss not in flight; fetching
148 verbose get https://registry.npmjs.org/autoprefixer not expired, no request
149 silly addNameRange number 2 { name: 'autoprefixer', range: '>=9.6.1 <10.0.0', hasData: true }
150 silly addNameRange versions [ 'autoprefixer',
150 silly addNameRange   [ '0.1.20130409',
150 silly addNameRange     '0.2.20130413',
150 silly addNameRange     '0.3.20130423',
150 silly addNameRange     '0.3.20130424',
150 silly addNameRange     '0.3.20130427',
150 silly addNameRange     '0.3.20130502',
150 silly addNameRange     '0.4.20130507',
150 silly addNameRange     '0.4.20130515',
150 silly addNameRange     '0.4.20130521',
150 silly addNameRange     '0.4.20130524',
150 silly addNameRange     '0.4.20130528',
150 silly addNameRange     '0.4.20130530',
150 silly addNameRange     '0.4.20130603',
150 silly addNameRange     '0.5.20130615',
150 silly addNameRange     '0.5.20130616',
150 silly addNameRange     '0.5.20130617',
150 silly addNameRange     '0.5.20130625',
150 silly addNameRange     '0.5.20130626',
150 silly addNameRange     '0.5.20130629',
150 silly addNameRange     '0.6.20130716',
150 silly addNameRange     '0.6.20130721',
150 silly addNameRange     '0.6.20130728',
150 silly addNameRange     '0.6.20130729',
150 silly addNameRange     '0.6.20130730',
150 silly addNameRange     '0.6.20130731',
150 silly addNameRange     '0.7.20130805',
150 silly addNameRange     '0.7.20130806',
150 silly addNameRange     '0.7.20130807',
150 silly addNameRange     '0.7.20130808',
150 silly addNameRange     '0.7.20130810',
150 silly addNameRange     '0.7.20130824',
150 silly addNameRange     '0.8.20130902',
150 silly addNameRange     '0.8.20130903',
150 silly addNameRange     '0.8.20130906',
150 silly addNameRange     '0.8.20130911',
150 silly addNameRange     '0.8.20130919',
150 silly addNameRange     '0.8.20130923',
150 silly addNameRange     '0.8.20131001',
150 silly addNameRange     '0.8.20131006',
150 silly addNameRange     '0.8.20131007',
150 silly addNameRange     '0.8.20131009',
150 silly addNameRange     '0.8.20131015',
150 silly addNameRange     '0.8.20131017',
150 silly addNameRange     '0.8.20131020',
150 silly addNameRange     '0.8.20131029',
150 silly addNameRange     '0.8.20131104',
150 silly addNameRange     '0.8.20131209',
150 silly addNameRange     '0.8.20131213',
150 silly addNameRange     '1.0.20131222',
150 silly addNameRange     '1.0.20140103',
150 silly addNameRange     '1.0.20140109',
150 silly addNameRange     '1.0.20140110',
150 silly addNameRange     '1.0.20140117',
150 silly addNameRange     '1.0.20140130',
150 silly addNameRange     '1.0.20140203',
150 silly addNameRange     '1.0.20140213',
150 silly addNameRange     '1.1.20140218',
150 silly addNameRange     '1.1.20140222',
150 silly addNameRange     '1.1.20140226',
150 silly addNameRange     '1.1.20140302',
150 silly addNameRange     '1.1.20140319',
150 silly addNameRange     '1.1.20140327',
150 silly addNameRange     '1.1.20140403',
150 silly addNameRange     '1.1.20140410',
150 silly addNameRange     '1.1.20140429',
150 silly addNameRange     '1.1.20140430',
150 silly addNameRange     '1.1.20140510',
150 silly addNameRange     '1.1.20140512',
150 silly addNameRange     '1.1.20140521',
150 silly addNameRange     '1.1.20140523',
150 silly addNameRange     '1.1.20140605',
150 silly addNameRange     '1.2.0',
150 silly addNameRange     '1.3.0',
150 silly addNameRange     '1.3.1',
150 silly addNameRange     '2.0.0',
150 silly addNameRange     '2.0.1',
150 silly addNameRange     '2.0.2',
150 silly addNameRange     '2.1.0',
150 silly addNameRange     '2.1.1',
150 silly addNameRange     '2.2.0',
150 silly addNameRange     '3.0.0',
150 silly addNameRange     '3.1.0',
150 silly addNameRange     '4.0.0',
150 silly addNameRange     '5.0.0',
150 silly addNameRange     '5.1.0',
150 silly addNameRange     '5.1.1',
150 silly addNameRange     '5.2.0',
150 silly addNameRange     '6.0.0',
150 silly addNameRange     '6.0.1',
150 silly addNameRange     '6.0.2',
150 silly addNameRange     '6.0.3',
150 silly addNameRange     '6.1.0',
150 silly addNameRange     '6.1.1',
150 silly addNameRange     '6.1.2',
150 silly addNameRange     '6.2.0',
150 silly addNameRange     '6.2.1',
150 silly addNameRange     '6.2.2',
150 silly addNameRange     '6.2.3',
150 silly addNameRange     '6.3.0',
150 silly addNameRange     '6.3.1',
150 silly addNameRange     ... 112 more items ] ]
151 silly addNamed autoprefixer@9.8.6
152 verbose addNamed "9.8.6" is a plain semver version for autoprefixer
153 verbose get https://registry.npmjs.org/postcss not expired, no request
154 silly addNameRange number 2 { name: 'postcss', range: '>=7.0.17 <8.0.0', hasData: true }
155 silly addNameRange versions [ 'postcss',
155 silly addNameRange   [ '0.1.0',
155 silly addNameRange     '0.2.0',
155 silly addNameRange     '0.3.0',
155 silly addNameRange     '0.3.1',
155 silly addNameRange     '0.3.2',
155 silly addNameRange     '0.3.3',
155 silly addNameRange     '0.3.4',
155 silly addNameRange     '0.3.5',
155 silly addNameRange     '1.0.0',
155 silly addNameRange     '2.0.0',
155 silly addNameRange     '2.1.0',
155 silly addNameRange     '2.1.1',
155 silly addNameRange     '2.1.2',
155 silly addNameRange     '2.2.0',
155 silly addNameRange     '2.2.1',
155 silly addNameRange     '2.2.2',
155 silly addNameRange     '2.2.3',
155 silly addNameRange     '2.2.4',
155 silly addNameRange     '2.2.5',
155 silly addNameRange     '2.2.6',
155 silly addNameRange     '3.0.0',
155 silly addNameRange     '3.0.1',
155 silly addNameRange     '3.0.2',
155 silly addNameRange     '3.0.3',
155 silly addNameRange     '3.0.4',
155 silly addNameRange     '3.0.5',
155 silly addNameRange     '3.0.6',
155 silly addNameRange     '3.0.7',
155 silly addNameRange     '4.0.0',
155 silly addNameRange     '4.0.1',
155 silly addNameRange     '4.0.2',
155 silly addNameRange     '4.0.3',
155 silly addNameRange     '4.0.4',
155 silly addNameRange     '4.0.5',
155 silly addNameRange     '4.0.6',
155 silly addNameRange     '4.1.0',
155 silly addNameRange     '4.1.1',
155 silly addNameRange     '4.1.2',
155 silly addNameRange     '4.1.3',
155 silly addNameRange     '4.1.4',
155 silly addNameRange     '4.1.5',
155 silly addNameRange     '4.1.6',
155 silly addNameRange     '4.1.7',
155 silly addNameRange     '4.1.8',
155 silly addNameRange     '4.1.9',
155 silly addNameRange     '4.1.10',
155 silly addNameRange     '4.1.11',
155 silly addNameRange     '4.1.12',
155 silly addNameRange     '4.1.13',
155 silly addNameRange     '4.1.14',
155 silly addNameRange     '4.1.15',
155 silly addNameRange     '4.1.16',
155 silly addNameRange     '5.0.0',
155 silly addNameRange     '5.0.1',
155 silly addNameRange     '5.0.2',
155 silly addNameRange     '5.0.3',
155 silly addNameRange     '5.0.4',
155 silly addNameRange     '5.0.5',
155 silly addNameRange     '5.0.6',
155 silly addNameRange     '5.0.7',
155 silly addNameRange     '5.0.8',
155 silly addNameRange     '5.0.9',
155 silly addNameRange     '5.0.10',
155 silly addNameRange     '5.0.11',
155 silly addNameRange     '5.0.12',
155 silly addNameRange     '5.0.13',
155 silly addNameRange     '5.0.14',
155 silly addNameRange     '5.0.15',
155 silly addNameRange     '5.0.16',
155 silly addNameRange     '5.0.17',
155 silly addNameRange     '5.0.18',
155 silly addNameRange     '5.0.19',
155 silly addNameRange     '5.0.20',
155 silly addNameRange     '5.0.21',
155 silly addNameRange     '5.1.0',
155 silly addNameRange     '5.1.1',
155 silly addNameRange     '5.1.2',
155 silly addNameRange     '5.2.0',
155 silly addNameRange     '5.2.1',
155 silly addNameRange     '5.2.2',
155 silly addNameRange     '5.2.3',
155 silly addNameRange     '5.2.4',
155 silly addNameRange     '5.2.5',
155 silly addNameRange     '5.2.6',
155 silly addNameRange     '5.2.7',
155 silly addNameRange     '5.2.8',
155 silly addNameRange     '5.2.9',
155 silly addNameRange     '5.2.10',
155 silly addNameRange     '5.2.11',
155 silly addNameRange     '5.2.12',
155 silly addNameRange     '5.2.13',
155 silly addNameRange     '5.2.14',
155 silly addNameRange     '5.2.15',
155 silly addNameRange     '5.2.16',
155 silly addNameRange     '5.2.17',
155 silly addNameRange     '6.0.0',
155 silly addNameRange     '6.0.1',
155 silly addNameRange     '6.0.2',
155 silly addNameRange     '6.0.3',
155 silly addNameRange     '6.0.4',
155 silly addNameRange     ... 90 more items ] ]
156 silly addNamed postcss@7.0.35
157 verbose addNamed "7.0.35" is a plain semver version for postcss
158 silly cache afterAdd postcss@7.0.35
159 verbose afterAdd /home/doroshukdv/.npm/postcss/7.0.35/package/package.json not in flight; writing
160 silly cache afterAdd autoprefixer@9.8.6
161 verbose afterAdd /home/doroshukdv/.npm/autoprefixer/9.8.6/package/package.json not in flight; writing
162 verbose afterAdd /home/doroshukdv/.npm/postcss/7.0.35/package/package.json written
163 verbose afterAdd /home/doroshukdv/.npm/autoprefixer/9.8.6/package/package.json written
164 silly fetchNamedPackageData browserslist
165 silly mapToRegistry name browserslist
166 silly mapToRegistry using default registry
167 silly mapToRegistry registry https://registry.npmjs.org/
168 silly mapToRegistry uri https://registry.npmjs.org/browserslist
169 silly fetchNamedPackageData caniuse-lite
170 silly mapToRegistry name caniuse-lite
171 silly mapToRegistry using default registry
172 silly mapToRegistry registry https://registry.npmjs.org/
173 silly mapToRegistry uri https://registry.npmjs.org/caniuse-lite
174 silly fetchNamedPackageData colorette
175 silly mapToRegistry name colorette
176 silly mapToRegistry using default registry
177 silly mapToRegistry registry https://registry.npmjs.org/
178 silly mapToRegistry uri https://registry.npmjs.org/colorette
179 silly fetchNamedPackageData postcss-value-parser
180 silly mapToRegistry name postcss-value-parser
181 silly mapToRegistry using default registry
182 silly mapToRegistry registry https://registry.npmjs.org/
183 silly mapToRegistry uri https://registry.npmjs.org/postcss-value-parser
184 verbose request uri https://registry.npmjs.org/colorette
185 verbose request no auth needed
186 info attempt registry request try #1 at 16:31:58
187 verbose etag W/"d20221ddc12b16eab88f23524eade178"
188 verbose lastModified Thu, 25 Feb 2021 13:26:18 GMT
189 http request GET https://registry.npmjs.org/colorette
190 verbose request uri https://registry.npmjs.org/postcss-value-parser
191 verbose request no auth needed
192 info attempt registry request try #1 at 16:31:58
193 verbose etag W/"ed949650f3ce96e09473b4f93ed363cd"
194 verbose lastModified Tue, 28 Apr 2020 14:11:57 GMT
195 http request GET https://registry.npmjs.org/postcss-value-parser
196 verbose request uri https://registry.npmjs.org/browserslist
197 verbose request no auth needed
198 info attempt registry request try #1 at 16:31:58
199 verbose etag W/"8bc366d9b6e1889a94b9b02ec14f25bf"
200 verbose lastModified Sun, 31 Jan 2021 20:11:07 GMT
201 http request GET https://registry.npmjs.org/browserslist
202 verbose request uri https://registry.npmjs.org/caniuse-lite
203 verbose request no auth needed
204 info attempt registry request try #1 at 16:31:58
205 verbose etag W/"01ecab2cfc0ddfc3a7652649c370e55e"
206 verbose lastModified Sun, 21 Mar 2021 21:33:07 GMT
207 http request GET https://registry.npmjs.org/caniuse-lite
208 http 304 https://registry.npmjs.org/postcss-value-parser
209 verbose headers { date: 'Tue, 23 Mar 2021 13:31:58 GMT',
209 verbose headers   connection: 'keep-alive',
209 verbose headers   'set-cookie':
209 verbose headers    [ '__cfduid=d7148a31932203b15d1a19c7446813e951616506318; expires=Thu, 22-Apr-21 13:31:58 GMT; path=/; domain=.npmjs.org; HttpOnly; SameSite=Lax' ],
209 verbose headers   'cf-ray': '634805ec194584a4-LED',
209 verbose headers   age: '6433',
209 verbose headers   'cache-control': 'public, max-age=300',
209 verbose headers   etag: '"ed949650f3ce96e09473b4f93ed363cd"',
209 verbose headers   'last-modified': 'Tue, 28 Apr 2020 14:11:57 GMT',
209 verbose headers   vary: 'Accept-Encoding',
209 verbose headers   'cf-cache-status': 'HIT',
209 verbose headers   'cf-request-id': '0900e2078a000084a4e08b5000000001',
209 verbose headers   'expect-ct': 'max-age=604800, report-uri="https://report-uri.cloudflare.com/cdn-cgi/beacon/expect-ct"',
209 verbose headers   server: 'cloudflare' }
210 silly get cb [ 304,
210 silly get   { date: 'Tue, 23 Mar 2021 13:31:58 GMT',
210 silly get     connection: 'keep-alive',
210 silly get     'set-cookie':
210 silly get      [ '__cfduid=d7148a31932203b15d1a19c7446813e951616506318; expires=Thu, 22-Apr-21 13:31:58 GMT; path=/; domain=.npmjs.org; HttpOnly; SameSite=Lax' ],
210 silly get     'cf-ray': '634805ec194584a4-LED',
210 silly get     age: '6433',
210 silly get     'cache-control': 'public, max-age=300',
210 silly get     etag: '"ed949650f3ce96e09473b4f93ed363cd"',
210 silly get     'last-modified': 'Tue, 28 Apr 2020 14:11:57 GMT',
210 silly get     vary: 'Accept-Encoding',
210 silly get     'cf-cache-status': 'HIT',
210 silly get     'cf-request-id': '0900e2078a000084a4e08b5000000001',
210 silly get     'expect-ct': 'max-age=604800, report-uri="https://report-uri.cloudflare.com/cdn-cgi/beacon/expect-ct"',
210 silly get     server: 'cloudflare' } ]
211 verbose etag https://registry.npmjs.org/postcss-value-parser from cache
212 verbose get saving postcss-value-parser to /home/doroshukdv/.npm/registry.npmjs.org/postcss-value-parser/.cache.json
213 silly resolveWithNewModule postcss-value-parser@4.1.0 checking installable status
214 silly cache add args [ 'postcss-value-parser@^4.1.0', null ]
215 verbose cache add spec postcss-value-parser@^4.1.0
216 silly cache add parsed spec Result {
216 silly cache add   raw: 'postcss-value-parser@^4.1.0',
216 silly cache add   scope: null,
216 silly cache add   name: 'postcss-value-parser',
216 silly cache add   rawSpec: '^4.1.0',
216 silly cache add   spec: '>=4.1.0 <5.0.0',
216 silly cache add   type: 'range' }
217 silly addNamed postcss-value-parser@>=4.1.0 <5.0.0
218 verbose addNamed ">=4.1.0 <5.0.0" is a valid semver range for postcss-value-parser
219 silly addNameRange { name: 'postcss-value-parser',
219 silly addNameRange   range: '>=4.1.0 <5.0.0',
219 silly addNameRange   hasData: false }
220 silly mapToRegistry name postcss-value-parser
221 silly mapToRegistry using default registry
222 silly mapToRegistry registry https://registry.npmjs.org/
223 silly mapToRegistry uri https://registry.npmjs.org/postcss-value-parser
224 verbose addNameRange registry:https://registry.npmjs.org/postcss-value-parser not in flight; fetching
225 verbose get https://registry.npmjs.org/postcss-value-parser not expired, no request
226 silly addNameRange number 2 { name: 'postcss-value-parser',
226 silly addNameRange   range: '>=4.1.0 <5.0.0',
226 silly addNameRange   hasData: true }
227 silly addNameRange versions [ 'postcss-value-parser',
227 silly addNameRange   [ '1.0.0',
227 silly addNameRange     '1.0.1',
227 silly addNameRange     '1.0.2',
227 silly addNameRange     '1.1.0',
227 silly addNameRange     '1.2.0',
227 silly addNameRange     '1.2.1',
227 silly addNameRange     '1.2.2',
227 silly addNameRange     '1.3.0',
227 silly addNameRange     '1.4.0',
227 silly addNameRange     '1.4.1',
227 silly addNameRange     '1.4.2',
227 silly addNameRange     '2.0.0',
227 silly addNameRange     '2.0.1',
227 silly addNameRange     '2.0.2',
227 silly addNameRange     '2.0.3',
227 silly addNameRange     '2.0.4',
227 silly addNameRange     '2.0.5',
227 silly addNameRange     '3.0.0',
227 silly addNameRange     '3.0.1',
227 silly addNameRange     '3.0.2',
227 silly addNameRange     '3.0.3',
227 silly addNameRange     '3.1.0',
227 silly addNameRange     '3.1.1',
227 silly addNameRange     '3.1.2',
227 silly addNameRange     '3.1.3',
227 silly addNameRange     '3.2.0',
227 silly addNameRange     '3.2.1',
227 silly addNameRange     '3.2.3',
227 silly addNameRange     '3.3.0',
227 silly addNameRange     '3.3.1',
227 silly addNameRange     '4.0.0',
227 silly addNameRange     '4.0.1',
227 silly addNameRange     '4.0.2',
227 silly addNameRange     '4.0.3',
227 silly addNameRange     '4.1.0' ] ]
228 silly addNamed postcss-value-parser@4.1.0
229 verbose addNamed "4.1.0" is a plain semver version for postcss-value-parser
230 silly cache afterAdd postcss-value-parser@4.1.0
231 verbose afterAdd /home/doroshukdv/.npm/postcss-value-parser/4.1.0/package/package.json not in flight; writing
232 verbose afterAdd /home/doroshukdv/.npm/postcss-value-parser/4.1.0/package/package.json written
233 http 304 https://registry.npmjs.org/colorette
234 verbose headers { date: 'Tue, 23 Mar 2021 13:31:58 GMT',
234 verbose headers   connection: 'keep-alive',
234 verbose headers   'set-cookie':
234 verbose headers    [ '__cfduid=dfec638396539b26735397ad043eb9ceb1616506318; expires=Thu, 22-Apr-21 13:31:58 GMT; path=/; domain=.npmjs.org; HttpOnly; SameSite=Lax' ],
234 verbose headers   'cf-ray': '634805ebfd567b1b-DME',
234 verbose headers   age: '1414',
234 verbose headers   'cache-control': 'public, max-age=300',
234 verbose headers   etag: '"d20221ddc12b16eab88f23524eade178"',
234 verbose headers   'last-modified': 'Thu, 25 Feb 2021 13:26:18 GMT',
234 verbose headers   vary: 'Accept-Encoding',
234 verbose headers   'cf-cache-status': 'HIT',
234 verbose headers   'cf-request-id': '0900e2077e00007b1b5eb5e000000001',
234 verbose headers   'expect-ct': 'max-age=604800, report-uri="https://report-uri.cloudflare.com/cdn-cgi/beacon/expect-ct"',
234 verbose headers   server: 'cloudflare' }
235 silly get cb [ 304,
235 silly get   { date: 'Tue, 23 Mar 2021 13:31:58 GMT',
235 silly get     connection: 'keep-alive',
235 silly get     'set-cookie':
235 silly get      [ '__cfduid=dfec638396539b26735397ad043eb9ceb1616506318; expires=Thu, 22-Apr-21 13:31:58 GMT; path=/; domain=.npmjs.org; HttpOnly; SameSite=Lax' ],
235 silly get     'cf-ray': '634805ebfd567b1b-DME',
235 silly get     age: '1414',
235 silly get     'cache-control': 'public, max-age=300',
235 silly get     etag: '"d20221ddc12b16eab88f23524eade178"',
235 silly get     'last-modified': 'Thu, 25 Feb 2021 13:26:18 GMT',
235 silly get     vary: 'Accept-Encoding',
235 silly get     'cf-cache-status': 'HIT',
235 silly get     'cf-request-id': '0900e2077e00007b1b5eb5e000000001',
235 silly get     'expect-ct': 'max-age=604800, report-uri="https://report-uri.cloudflare.com/cdn-cgi/beacon/expect-ct"',
235 silly get     server: 'cloudflare' } ]
236 verbose etag https://registry.npmjs.org/colorette from cache
237 verbose get saving colorette to /home/doroshukdv/.npm/registry.npmjs.org/colorette/.cache.json
238 verbose stack Error: Missing required argument #1
238 verbose stack     at andLogAndFinish (/usr/share/npm/lib/fetch-package-metadata.js:31:3)
238 verbose stack     at fetchPackageMetadata (/usr/share/npm/lib/fetch-package-metadata.js:51:22)
238 verbose stack     at resolveWithNewModule (/usr/share/npm/lib/install/deps.js:456:12)
238 verbose stack     at /usr/share/npm/lib/install/deps.js:457:7
238 verbose stack     at /usr/share/npm/node_modules/iferr/index.js:13:50
238 verbose stack     at /usr/share/npm/lib/fetch-package-metadata.js:37:12
238 verbose stack     at addRequestedAndFinish (/usr/share/npm/lib/fetch-package-metadata.js:82:5)
238 verbose stack     at returnAndAddMetadata (/usr/share/npm/lib/fetch-package-metadata.js:117:7)
238 verbose stack     at pickVersionFromRegistryDocument (/usr/share/npm/lib/fetch-package-metadata.js:134:20)
238 verbose stack     at /usr/share/npm/node_modules/iferr/index.js:13:50
239 verbose cwd /home/doroshukdv/docker/gulp/project
240 error Linux 5.4.0-64-generic
241 error argv "/usr/bin/node" "/usr/bin/npm" "install" "gulp-autoprefixer" "--save-dev"
242 error node v8.10.0
243 error npm  v3.5.2
244 error code EMISSINGARG
245 error typeerror Error: Missing required argument #1
245 error typeerror     at andLogAndFinish (/usr/share/npm/lib/fetch-package-metadata.js:31:3)
245 error typeerror     at fetchPackageMetadata (/usr/share/npm/lib/fetch-package-metadata.js:51:22)
245 error typeerror     at resolveWithNewModule (/usr/share/npm/lib/install/deps.js:456:12)
245 error typeerror     at /usr/share/npm/lib/install/deps.js:457:7
245 error typeerror     at /usr/share/npm/node_modules/iferr/index.js:13:50
245 error typeerror     at /usr/share/npm/lib/fetch-package-metadata.js:37:12
245 error typeerror     at addRequestedAndFinish (/usr/share/npm/lib/fetch-package-metadata.js:82:5)
245 error typeerror     at returnAndAddMetadata (/usr/share/npm/lib/fetch-package-metadata.js:117:7)
245 error typeerror     at pickVersionFromRegistryDocument (/usr/share/npm/lib/fetch-package-metadata.js:134:20)
245 error typeerror     at /usr/share/npm/node_modules/iferr/index.js:13:50
246 error typeerror This is an error with npm itself. Please report this error at:
246 error typeerror     <http://github.com/npm/npm/issues>
247 verbose exit [ 1, true ]
